mode: set
github.com/advanced-dada-system/ads/scripts/fetch.go:13.35,22.67 5 1
github.com/advanced-dada-system/ads/scripts/fetch.go:22.67,29.3 4 1
github.com/advanced-dada-system/ads/scripts/fetch.go:32.2,50.13 10 1
github.com/advanced-dada-system/ads/scripts/fetch.go:53.13,55.44 2 0
github.com/advanced-dada-system/ads/scripts/fetch.go:55.44,58.3 2 0
github.com/advanced-dada-system/ads/scripts/fetch.go:60.2,62.16 3 0
github.com/advanced-dada-system/ads/scripts/fetch.go:62.16,65.3 2 0
github.com/advanced-dada-system/ads/scripts/fetch.go:66.2,69.16 3 0
github.com/advanced-dada-system/ads/scripts/fetch.go:69.16,72.3 2 0
github.com/advanced-dada-system/ads/scripts/fetch.go:74.2,76.65 2 0
github.com/advanced-dada-system/ads/scripts/fetch.go:76.65,79.3 2 0
github.com/advanced-dada-system/ads/scripts/fetch.go:81.2,81.64 1 0
github.com/advanced-dada-system/ads/scripts/fetch.go:81.64,84.3 2 0
github.com/advanced-dada-system/ads/scripts/fetch.go:86.2,86.47 1 0
github.com/advanced-dada-system/ads/internal/ansi/scanner.go:24.52,28.2 1 1
github.com/advanced-dada-system/ads/internal/ansi/scanner.go:32.57,35.6 2 1
github.com/advanced-dada-system/ads/internal/ansi/scanner.go:35.6,39.21 3 1
github.com/advanced-dada-system/ads/internal/ansi/scanner.go:39.21,41.44 2 1
github.com/advanced-dada-system/ads/internal/ansi/scanner.go:41.44,42.73 1 1
github.com/advanced-dada-system/ads/internal/ansi/scanner.go:42.73,44.11 2 0
github.com/advanced-dada-system/ads/internal/ansi/scanner.go:48.4,48.24 1 1
github.com/advanced-dada-system/ads/internal/ansi/scanner.go:48.24,49.21 1 1
github.com/advanced-dada-system/ads/internal/ansi/scanner.go:49.21,51.6 1 1
github.com/advanced-dada-system/ads/internal/ansi/scanner.go:52.5,52.21 1 1
github.com/advanced-dada-system/ads/internal/ansi/scanner.go:53.10,54.21 1 0
github.com/advanced-dada-system/ads/internal/ansi/scanner.go:54.21,56.6 1 0
github.com/advanced-dada-system/ads/internal/ansi/scanner.go:57.5,59.29 3 0
github.com/advanced-dada-system/ads/internal/ansi/scanner.go:61.4,61.9 1 1
github.com/advanced-dada-system/ads/internal/ansi/scanner.go:64.3,70.72 5 1
github.com/advanced-dada-system/ads/internal/ansi/scanner.go:70.72,73.4 2 0
github.com/advanced-dada-system/ads/internal/ansi/scanner.go:75.3,75.18 1 1
github.com/advanced-dada-system/ads/internal/ansi/scanner.go:75.18,76.20 1 0
github.com/advanced-dada-system/ads/internal/ansi/scanner.go:76.20,78.5 1 0
github.com/advanced-dada-system/ads/internal/ansi/scanner.go:79.4,82.9 4 0
github.com/advanced-dada-system/ads/internal/ansi/scanner.go:85.3,88.29 3 1
github.com/advanced-dada-system/ads/internal/ansi/scanner.go:88.29,91.20 2 1
github.com/advanced-dada-system/ads/internal/ansi/scanner.go:91.20,93.5 1 1
github.com/advanced-dada-system/ads/internal/ansi/scanner.go:95.4,97.22 2 1
github.com/advanced-dada-system/ads/internal/ansi/scanner.go:98.13,99.16 1 1
github.com/advanced-dada-system/ads/internal/ansi/scanner.go:100.13,102.25 2 1
github.com/advanced-dada-system/ads/internal/ansi/scanner.go:103.13,106.58 3 1
github.com/advanced-dada-system/ads/internal/ansi/scanner.go:106.58,109.6 2 0
github.com/advanced-dada-system/ads/internal/ansi/scanner.go:110.13,113.58 3 1
github.com/advanced-dada-system/ads/internal/ansi/scanner.go:113.58,115.6 1 1
github.com/advanced-dada-system/ads/internal/ansi/scanner.go:117.5,120.22 3 1
github.com/advanced-dada-system/ads/internal/ansi/scanner.go:120.22,121.89 1 1
github.com/advanced-dada-system/ads/internal/ansi/scanner.go:121.89,125.7 1 0
github.com/advanced-dada-system/ads/internal/ansi/scanner.go:127.5,127.25 1 1
github.com/advanced-dada-system/ads/internal/ansi/scanner.go:129.9,130.20 1 0
github.com/advanced-dada-system/ads/internal/ansi/scanner.go:130.20,132.5 1 0
github.com/advanced-dada-system/ads/internal/ansi/scanner.go:133.4,133.44 1 0
github.com/advanced-dada-system/ads/internal/ansi/scanner.go:137.2,137.20 1 1
github.com/advanced-dada-system/ads/internal/ansi/strip.go:12.32,16.2 3 1
github.com/advanced-dada-system/ads/internal/config/config.go:11.39,13.19 2 1
github.com/advanced-dada-system/ads/internal/config/config.go:13.19,15.17 2 0
github.com/advanced-dada-system/ads/internal/config/config.go:15.17,17.4 1 0
github.com/advanced-dada-system/ads/internal/config/config.go:18.3,18.54 1 0
github.com/advanced-dada-system/ads/internal/config/config.go:21.2,22.50 2 1
github.com/advanced-dada-system/ads/internal/config/config.go:22.50,24.3 1 0
github.com/advanced-dada-system/ads/internal/config/config.go:26.2,26.20 1 1
github.com/advanced-dada-system/ads/internal/config/config.go:33.38,35.16 2 1
github.com/advanced-dada-system/ads/internal/config/config.go:35.16,37.3 1 0
github.com/advanced-dada-system/ads/internal/config/config.go:38.2,38.47 1 1
github.com/advanced-dada-system/ads/internal/config/config.go:41.36,43.16 2 1
github.com/advanced-dada-system/ads/internal/config/config.go:43.16,45.3 1 0
github.com/advanced-dada-system/ads/internal/config/config.go:47.2,48.16 2 1
github.com/advanced-dada-system/ads/internal/config/config.go:48.16,49.25 1 1
github.com/advanced-dada-system/ads/internal/config/config.go:49.25,51.4 1 1
github.com/advanced-dada-system/ads/internal/config/config.go:52.3,52.18 1 0
github.com/advanced-dada-system/ads/internal/config/config.go:55.2,56.51 2 1
github.com/advanced-dada-system/ads/internal/config/config.go:56.51,58.3 1 0
github.com/advanced-dada-system/ads/internal/config/config.go:60.2,60.18 1 1
github.com/advanced-dada-system/ads/internal/config/config.go:63.36,65.16 2 1
github.com/advanced-dada-system/ads/internal/config/config.go:65.16,67.3 1 0
github.com/advanced-dada-system/ads/internal/config/config.go:69.2,70.16 2 1
github.com/advanced-dada-system/ads/internal/config/config.go:70.16,72.3 1 0
github.com/advanced-dada-system/ads/internal/config/config.go:74.2,74.39 1 1
github.com/advanced-dada-system/ads/internal/sessiondb/db.go:41.37,43.16 2 1
github.com/advanced-dada-system/ads/internal/sessiondb/db.go:43.16,45.3 1 0
github.com/advanced-dada-system/ads/internal/sessiondb/db.go:47.2,48.55 2 1
github.com/advanced-dada-system/ads/internal/sessiondb/db.go:48.55,50.3 1 0
github.com/advanced-dada-system/ads/internal/sessiondb/db.go:52.2,56.16 3 1
github.com/advanced-dada-system/ads/internal/sessiondb/db.go:56.16,58.3 1 0
github.com/advanced-dada-system/ads/internal/sessiondb/db.go:60.2,60.43 1 1
github.com/advanced-dada-system/ads/internal/sessiondb/db.go:60.43,63.3 2 0
github.com/advanced-dada-system/ads/internal/sessiondb/db.go:65.2,65.25 1 1
github.com/advanced-dada-system/ads/internal/sessiondb/db.go:68.94,71.2 2 1
github.com/advanced-dada-system/ads/internal/sessiondb/db.go:73.77,76.15 3 1
github.com/advanced-dada-system/ads/internal/sessiondb/db.go:76.15,78.3 1 1
github.com/advanced-dada-system/ads/internal/sessiondb/db.go:79.2,80.12 2 1
github.com/advanced-dada-system/ads/internal/sessiondb/db.go:83.28,85.2 1 1
github.com/advanced-dada-system/ads/internal/sessiondb/db.go:87.44,88.20 1 1
github.com/advanced-dada-system/ads/internal/sessiondb/db.go:88.20,90.3 1 1
github.com/advanced-dada-system/ads/internal/sessiondb/db.go:92.2,93.16 2 1
github.com/advanced-dada-system/ads/internal/sessiondb/db.go:93.16,95.3 1 0
github.com/advanced-dada-system/ads/internal/sessiondb/db.go:97.2,98.16 2 1
github.com/advanced-dada-system/ads/internal/sessiondb/db.go:98.16,101.3 2 0
github.com/advanced-dada-system/ads/internal/sessiondb/db.go:103.2,104.16 2 1
github.com/advanced-dada-system/ads/internal/sessiondb/db.go:104.16,107.3 2 0
github.com/advanced-dada-system/ads/internal/sessiondb/db.go:109.2,110.21 2 1
github.com/advanced-dada-system/ads/internal/sessiondb/db.go:110.21,112.17 2 1
github.com/advanced-dada-system/ads/internal/sessiondb/db.go:112.17,115.4 2 0
github.com/advanced-dada-system/ads/internal/sessiondb/db.go:118.2,118.36 1 1
github.com/advanced-dada-system/ads/internal/sessiondb/db.go:118.36,120.3 1 0
github.com/advanced-dada-system/ads/internal/sessiondb/db.go:122.2,122.12 1 1
github.com/advanced-dada-system/ads/internal/meta/db.go:59.26,61.16 2 1
github.com/advanced-dada-system/ads/internal/meta/db.go:61.16,63.3 1 0
github.com/advanced-dada-system/ads/internal/meta/db.go:65.2,67.16 3 1
github.com/advanced-dada-system/ads/internal/meta/db.go:67.16,69.3 1 0
github.com/advanced-dada-system/ads/internal/meta/db.go:71.2,71.43 1 1
github.com/advanced-dada-system/ads/internal/meta/db.go:71.43,74.3 2 0
github.com/advanced-dada-system/ads/internal/meta/db.go:77.2,97.25 10 1
github.com/advanced-dada-system/ads/internal/meta/db.go:100.28,102.2 1 1
github.com/advanced-dada-system/ads/internal/meta/plugin.go:3.67,7.2 2 1
github.com/advanced-dada-system/ads/internal/meta/plugin.go:9.70,12.16 3 1
github.com/advanced-dada-system/ads/internal/meta/plugin.go:12.16,14.3 1 0
github.com/advanced-dada-system/ads/internal/meta/plugin.go:15.2,15.19 1 1
github.com/advanced-dada-system/ads/internal/meta/profile.go:17.58,21.2 3 1
github.com/advanced-dada-system/ads/internal/meta/profile.go:23.64,27.16 3 1
github.com/advanced-dada-system/ads/internal/meta/profile.go:27.16,28.27 1 0
github.com/advanced-dada-system/ads/internal/meta/profile.go:28.27,30.4 1 0
github.com/advanced-dada-system/ads/internal/meta/profile.go:31.3,31.61 1 0
github.com/advanced-dada-system/ads/internal/meta/profile.go:33.2,33.16 1 1
github.com/advanced-dada-system/ads/internal/meta/profile.go:36.97,38.16 2 1
github.com/advanced-dada-system/ads/internal/meta/profile.go:38.16,40.3 1 0
github.com/advanced-dada-system/ads/internal/meta/profile.go:41.2,41.12 1 1
github.com/advanced-dada-system/ads/internal/meta/profile.go:44.65,46.16 2 1
github.com/advanced-dada-system/ads/internal/meta/profile.go:46.16,48.3 1 0
github.com/advanced-dada-system/ads/internal/meta/profile.go:49.2,49.12 1 1
github.com/advanced-dada-system/ads/internal/meta/profile.go:52.47,54.16 2 1
github.com/advanced-dada-system/ads/internal/meta/profile.go:54.16,56.3 1 0
github.com/advanced-dada-system/ads/internal/meta/profile.go:57.2,57.12 1 1
github.com/advanced-dada-system/ads/internal/meta/profile.go:60.48,62.16 2 1
github.com/advanced-dada-system/ads/internal/meta/profile.go:62.16,64.3 1 0
github.com/advanced-dada-system/ads/internal/meta/profile.go:65.2,68.18 3 1
github.com/advanced-dada-system/ads/internal/meta/profile.go:68.18,70.102 2 1
github.com/advanced-dada-system/ads/internal/meta/profile.go:70.102,72.4 1 0
github.com/advanced-dada-system/ads/internal/meta/profile.go:73.3,73.33 1 1
github.com/advanced-dada-system/ads/internal/meta/profile.go:75.2,75.29 1 1
github.com/advanced-dada-system/ads/internal/meta/session.go:23.71,24.19 1 1
github.com/advanced-dada-system/ads/internal/meta/session.go:24.19,26.3 1 0
github.com/advanced-dada-system/ads/internal/meta/session.go:27.2,29.16 3 1
github.com/advanced-dada-system/ads/internal/meta/session.go:29.16,31.3 1 0
github.com/advanced-dada-system/ads/internal/meta/session.go:32.2,32.16 1 1
github.com/advanced-dada-system/ads/internal/meta/session.go:35.119,36.19 1 1
github.com/advanced-dada-system/ads/internal/meta/session.go:36.19,38.3 1 0
github.com/advanced-dada-system/ads/internal/meta/session.go:39.2,41.16 3 1
github.com/advanced-dada-system/ads/internal/meta/session.go:41.16,43.3 1 0
github.com/advanced-dada-system/ads/internal/meta/session.go:44.2,44.16 1 1
github.com/advanced-dada-system/ads/internal/meta/session.go:47.48,49.16 2 1
github.com/advanced-dada-system/ads/internal/meta/session.go:49.16,51.3 1 0
github.com/advanced-dada-system/ads/internal/meta/session.go:52.2,55.18 3 1
github.com/advanced-dada-system/ads/internal/meta/session.go:55.18,59.114 4 1
github.com/advanced-dada-system/ads/internal/meta/session.go:59.114,61.4 1 0
github.com/advanced-dada-system/ads/internal/meta/session.go:62.3,62.15 1 1
github.com/advanced-dada-system/ads/internal/meta/session.go:62.15,64.4 1 1
github.com/advanced-dada-system/ads/internal/meta/session.go:65.3,65.15 1 1
github.com/advanced-dada-system/ads/internal/meta/session.go:65.15,67.4 1 1
github.com/advanced-dada-system/ads/internal/meta/session.go:68.3,68.15 1 1
github.com/advanced-dada-system/ads/internal/meta/session.go:68.15,70.4 1 1
github.com/advanced-dada-system/ads/internal/meta/session.go:71.3,71.33 1 1
github.com/advanced-dada-system/ads/internal/meta/session.go:73.2,73.29 1 1
github.com/advanced-dada-system/ads/internal/meta/session.go:76.62,82.16 5 1
github.com/advanced-dada-system/ads/internal/meta/session.go:82.16,83.27 1 1
github.com/advanced-dada-system/ads/internal/meta/session.go:83.27,85.4 1 1
github.com/advanced-dada-system/ads/internal/meta/session.go:86.3,86.61 1 0
github.com/advanced-dada-system/ads/internal/meta/session.go:88.2,88.14 1 1
github.com/advanced-dada-system/ads/internal/meta/session.go:88.14,90.3 1 0
github.com/advanced-dada-system/ads/internal/meta/session.go:91.2,91.14 1 1
github.com/advanced-dada-system/ads/internal/meta/session.go:91.14,93.3 1 0
github.com/advanced-dada-system/ads/internal/meta/session.go:94.2,94.14 1 1
github.com/advanced-dada-system/ads/internal/meta/session.go:94.14,96.3 1 0
github.com/advanced-dada-system/ads/internal/meta/session.go:97.2,97.16 1 1
github.com/advanced-dada-system/ads/internal/meta/session.go:100.62,106.16 5 1
github.com/advanced-dada-system/ads/internal/meta/session.go:106.16,107.27 1 0
github.com/advanced-dada-system/ads/internal/meta/session.go:107.27,109.4 1 0
github.com/advanced-dada-system/ads/internal/meta/session.go:110.3,110.61 1 0
github.com/advanced-dada-system/ads/internal/meta/session.go:112.2,112.14 1 1
github.com/advanced-dada-system/ads/internal/meta/session.go:112.14,114.3 1 1
github.com/advanced-dada-system/ads/internal/meta/session.go:115.2,115.14 1 1
github.com/advanced-dada-system/ads/internal/meta/session.go:115.14,117.3 1 1
github.com/advanced-dada-system/ads/internal/meta/session.go:118.2,118.14 1 1
github.com/advanced-dada-system/ads/internal/meta/session.go:118.14,120.3 1 1
github.com/advanced-dada-system/ads/internal/meta/session.go:121.2,121.16 1 1
github.com/advanced-dada-system/ads/internal/meta/session.go:124.61,126.16 2 1
github.com/advanced-dada-system/ads/internal/meta/session.go:126.16,128.3 1 0
github.com/advanced-dada-system/ads/internal/meta/session.go:129.2,129.12 1 1
github.com/advanced-dada-system/ads/internal/meta/session.go:132.56,134.16 2 1
github.com/advanced-dada-system/ads/internal/meta/session.go:134.16,136.3 1 0
github.com/advanced-dada-system/ads/internal/meta/session.go:137.2,137.12 1 1
github.com/advanced-dada-system/ads/internal/meta/session.go:140.67,142.16 2 1
github.com/advanced-dada-system/ads/internal/meta/session.go:142.16,144.3 1 0
github.com/advanced-dada-system/ads/internal/meta/session.go:145.2,145.12 1 1
github.com/advanced-dada-system/ads/internal/meta/session.go:148.47,150.16 2 1
github.com/advanced-dada-system/ads/internal/meta/session.go:150.16,152.3 1 0
github.com/advanced-dada-system/ads/internal/meta/session.go:153.2,153.12 1 1
github.com/advanced-dada-system/ads/internal/search/engine.go:24.43,26.16 2 1
github.com/advanced-dada-system/ads/internal/search/engine.go:26.16,28.3 1 0
github.com/advanced-dada-system/ads/internal/search/engine.go:30.2,31.16 2 1
github.com/advanced-dada-system/ads/internal/search/engine.go:31.16,33.3 1 0
github.com/advanced-dada-system/ads/internal/search/engine.go:34.2,37.16 3 1
github.com/advanced-dada-system/ads/internal/search/engine.go:37.16,39.3 1 0
github.com/advanced-dada-system/ads/internal/search/engine.go:41.2,50.29 3 1
github.com/advanced-dada-system/ads/internal/search/engine.go:50.29,55.17 3 1
github.com/advanced-dada-system/ads/internal/search/engine.go:55.17,57.12 2 0
github.com/advanced-dada-system/ads/internal/search/engine.go:60.3,64.17 4 1
github.com/advanced-dada-system/ads/internal/search/engine.go:64.17,66.49 1 0
github.com/advanced-dada-system/ads/internal/search/engine.go:66.49,68.5 1 0
github.com/advanced-dada-system/ads/internal/search/engine.go:69.4,70.12 2 0
github.com/advanced-dada-system/ads/internal/search/engine.go:73.3,73.19 1 1
github.com/advanced-dada-system/ads/internal/search/engine.go:73.19,77.67 4 1
github.com/advanced-dada-system/ads/internal/search/engine.go:77.67,79.5 1 1
github.com/advanced-dada-system/ads/internal/search/engine.go:81.3,82.13 2 1
github.com/advanced-dada-system/ads/internal/search/engine.go:86.2,86.42 1 1
github.com/advanced-dada-system/ads/internal/search/engine.go:86.42,88.3 1 1
github.com/advanced-dada-system/ads/internal/search/engine.go:90.2,90.21 1 1
github.com/advanced-dada-system/ads/cmd/ads-plugin-search/main.go:14.72,16.9 2 0
github.com/advanced-dada-system/ads/cmd/ads-plugin-search/main.go:16.9,18.3 1 0
github.com/advanced-dada-system/ads/cmd/ads-plugin-search/main.go:20.2,21.16 2 0
github.com/advanced-dada-system/ads/cmd/ads-plugin-search/main.go:21.16,23.3 1 0
github.com/advanced-dada-system/ads/cmd/ads-plugin-search/main.go:25.2,26.16 2 0
github.com/advanced-dada-system/ads/cmd/ads-plugin-search/main.go:26.16,28.3 1 0
github.com/advanced-dada-system/ads/cmd/ads-plugin-search/main.go:30.2,30.23 1 0
github.com/advanced-dada-system/ads/cmd/ads-plugin-search/main.go:33.13,40.2 1 0
github.com/advanced-dada-system/ads/test/verify.go:14.13,15.22 1 0
github.com/advanced-dada-system/ads/test/verify.go:15.22,18.3 2 0
github.com/advanced-dada-system/ads/test/verify.go:19.2,25.16 5 0
github.com/advanced-dada-system/ads/test/verify.go:25.16,28.3 2 0
github.com/advanced-dada-system/ads/test/verify.go:29.2,33.16 4 0
github.com/advanced-dada-system/ads/test/verify.go:33.16,36.3 2 0
github.com/advanced-dada-system/ads/test/verify.go:38.2,38.53 1 0
github.com/advanced-dada-system/ads/test/verify.go:38.53,41.3 2 0
github.com/advanced-dada-system/ads/test/verify.go:43.2,43.52 1 0
github.com/advanced-dada-system/ads/internal/orchestrator/run.go:13.51,15.16 2 0
github.com/advanced-dada-system/ads/internal/orchestrator/run.go:15.16,17.3 1 0
github.com/advanced-dada-system/ads/internal/orchestrator/run.go:18.2,21.16 3 0
github.com/advanced-dada-system/ads/internal/orchestrator/run.go:21.16,23.3 1 0
github.com/advanced-dada-system/ads/internal/orchestrator/run.go:25.2,26.16 2 0
github.com/advanced-dada-system/ads/internal/orchestrator/run.go:26.16,28.18 2 0
github.com/advanced-dada-system/ads/internal/orchestrator/run.go:28.18,31.4 2 0
github.com/advanced-dada-system/ads/internal/orchestrator/run.go:35.2,35.72 1 0
github.com/advanced-dada-system/ads/internal/orchestrator/run.go:35.72,37.3 1 0
github.com/advanced-dada-system/ads/internal/orchestrator/run.go:40.2,41.16 2 0
github.com/advanced-dada-system/ads/internal/orchestrator/run.go:41.16,43.3 1 0
github.com/advanced-dada-system/ads/internal/orchestrator/run.go:44.2,49.25 4 0
github.com/advanced-dada-system/ads/internal/orchestrator/run.go:49.25,51.3 1 0
github.com/advanced-dada-system/ads/internal/orchestrator/run.go:52.2,54.58 2 0
github.com/advanced-dada-system/ads/internal/orchestrator/run.go:54.58,56.3 1 0
github.com/advanced-dada-system/ads/internal/orchestrator/run.go:58.2,58.12 1 0
github.com/advanced-dada-system/ads/cmd/ads-shell/main.go:28.28,29.29 1 0
github.com/advanced-dada-system/ads/cmd/ads-shell/main.go:29.29,31.3 1 0
github.com/advanced-dada-system/ads/cmd/ads-shell/main.go:33.2,34.42 2 0
github.com/advanced-dada-system/ads/cmd/ads-shell/main.go:34.42,36.3 1 0
github.com/advanced-dada-system/ads/cmd/ads-shell/main.go:38.2,39.16 2 0
github.com/advanced-dada-system/ads/cmd/ads-shell/main.go:39.16,42.17 2 0
github.com/advanced-dada-system/ads/cmd/ads-shell/main.go:42.17,44.41 2 0
github.com/advanced-dada-system/ads/cmd/ads-shell/main.go:44.41,46.5 1 0
github.com/advanced-dada-system/ads/cmd/ads-shell/main.go:50.3,51.17 2 0
github.com/advanced-dada-system/ads/cmd/ads-shell/main.go:51.17,54.23 3 0
github.com/advanced-dada-system/ads/cmd/ads-shell/main.go:54.23,57.68 3 0
github.com/advanced-dada-system/ads/cmd/ads-shell/main.go:57.68,59.6 1 0
github.com/advanced-dada-system/ads/cmd/ads-shell/main.go:64.2,65.17 2 0
github.com/advanced-dada-system/ads/cmd/ads-shell/main.go:65.17,67.3 1 0
github.com/advanced-dada-system/ads/cmd/ads-shell/main.go:69.2,69.15 1 0
github.com/advanced-dada-system/ads/cmd/ads-shell/main.go:75.47,76.24 1 0
github.com/advanced-dada-system/ads/cmd/ads-shell/main.go:76.24,80.4 3 0
github.com/advanced-dada-system/ads/cmd/ads-shell/main.go:82.3,83.17 2 0
github.com/advanced-dada-system/ads/cmd/ads-shell/main.go:83.17,86.4 2 0
github.com/advanced-dada-system/ads/cmd/ads-shell/main.go:87.3,90.17 3 0
github.com/advanced-dada-system/ads/cmd/ads-shell/main.go:90.17,93.4 2 0
github.com/advanced-dada-system/ads/cmd/ads-shell/main.go:94.3,97.17 3 0
github.com/advanced-dada-system/ads/cmd/ads-shell/main.go:97.17,100.4 2 0
github.com/advanced-dada-system/ads/cmd/ads-shell/main.go:102.3,104.35 3 0
github.com/advanced-dada-system/ads/cmd/ads-shell/main.go:104.35,107.4 2 0
github.com/advanced-dada-system/ads/cmd/ads-shell/main.go:109.3,114.17 4 0
github.com/advanced-dada-system/ads/cmd/ads-shell/main.go:114.17,117.4 2 0
github.com/advanced-dada-system/ads/cmd/ads-shell/main.go:119.3,119.16 1 0
github.com/advanced-dada-system/ads/cmd/ads-shell/main.go:119.16,119.36 1 0
github.com/advanced-dada-system/ads/cmd/ads-shell/main.go:122.3,124.13 3 0
github.com/advanced-dada-system/ads/cmd/ads-shell/main.go:124.13,125.17 1 0
github.com/advanced-dada-system/ads/cmd/ads-shell/main.go:125.17,127.5 1 0
github.com/advanced-dada-system/ads/cmd/ads-shell/main.go:129.3,130.16 2 0
github.com/advanced-dada-system/ads/cmd/ads-shell/main.go:130.16,130.46 2 0
github.com/advanced-dada-system/ads/cmd/ads-shell/main.go:133.3,133.42 1 0
github.com/advanced-dada-system/ads/cmd/ads-shell/main.go:133.42,135.18 2 0
github.com/advanced-dada-system/ads/cmd/ads-shell/main.go:135.18,138.5 2 0
github.com/advanced-dada-system/ads/cmd/ads-shell/main.go:139.4,139.17 1 0
github.com/advanced-dada-system/ads/cmd/ads-shell/main.go:139.17,139.67 1 0
github.com/advanced-dada-system/ads/cmd/ads-shell/main.go:143.3,143.13 1 0
github.com/advanced-dada-system/ads/cmd/ads-shell/main.go:143.13,145.4 1 0
github.com/advanced-dada-system/ads/cmd/ads-shell/main.go:148.3,150.7 3 0
github.com/advanced-dada-system/ads/cmd/ads-shell/main.go:150.7,152.13 2 0
github.com/advanced-dada-system/ads/cmd/ads-shell/main.go:152.13,161.5 4 0
github.com/advanced-dada-system/ads/cmd/ads-shell/main.go:162.4,162.22 1 0
github.com/advanced-dada-system/ads/cmd/ads-shell/main.go:162.22,163.10 1 0
github.com/advanced-dada-system/ads/cmd/ads-shell/main.go:168.3,173.49 3 0
github.com/advanced-dada-system/ads/cmd/ads-shell/main.go:173.49,175.4 1 0
github.com/advanced-dada-system/ads/cmd/ads-shell/main.go:176.3,176.13 1 0
github.com/advanced-dada-system/ads/cmd/ads-shell/main.go:180.13,183.2 2 0
github.com/advanced-dada-system/ads/cmd/ads-shell/main.go:185.13,186.42 1 0
github.com/advanced-dada-system/ads/cmd/ads-shell/main.go:186.42,189.3 2 0
github.com/advanced-dada-system/ads/cmd/ads/edit.go:18.47,22.17 3 0
github.com/advanced-dada-system/ads/cmd/ads/edit.go:22.17,25.4 2 0
github.com/advanced-dada-system/ads/cmd/ads/edit.go:26.3,29.17 3 0
github.com/advanced-dada-system/ads/cmd/ads/edit.go:29.17,30.50 1 0
github.com/advanced-dada-system/ads/cmd/ads/edit.go:30.50,33.20 2 0
github.com/advanced-dada-system/ads/cmd/ads/edit.go:33.20,38.6 4 0
github.com/advanced-dada-system/ads/cmd/ads/edit.go:40.4,41.14 2 0
github.com/advanced-dada-system/ads/cmd/ads/edit.go:44.3,46.74 2 0
github.com/advanced-dada-system/ads/cmd/ads/edit.go:46.74,48.21 2 0
github.com/advanced-dada-system/ads/cmd/ads/edit.go:48.21,50.5 1 0
github.com/advanced-dada-system/ads/cmd/ads/edit.go:51.4,51.24 1 0
github.com/advanced-dada-system/ads/cmd/ads/edit.go:51.24,53.5 1 0
github.com/advanced-dada-system/ads/cmd/ads/edit.go:53.10,55.5 1 0
github.com/advanced-dada-system/ads/cmd/ads/edit.go:57.4,61.19 4 0
github.com/advanced-dada-system/ads/cmd/ads/edit.go:61.19,63.5 1 0
github.com/advanced-dada-system/ads/cmd/ads/edit.go:64.4,64.38 1 0
github.com/advanced-dada-system/ads/cmd/ads/edit.go:64.38,66.5 1 0
github.com/advanced-dada-system/ads/cmd/ads/edit.go:67.4,67.53 1 0
github.com/advanced-dada-system/ads/cmd/ads/edit.go:70.3,77.17 6 0
github.com/advanced-dada-system/ads/cmd/ads/edit.go:77.17,80.4 2 0
github.com/advanced-dada-system/ads/cmd/ads/edit.go:82.3,82.56 1 0
github.com/advanced-dada-system/ads/cmd/ads/edit.go:86.13,88.2 1 0
github.com/advanced-dada-system/ads/cmd/ads/hook.go:14.47,16.22 2 0
github.com/advanced-dada-system/ads/cmd/ads/hook.go:16.22,27.4 1 0
github.com/advanced-dada-system/ads/cmd/ads/hook.go:27.9,27.28 1 0
github.com/advanced-dada-system/ads/cmd/ads/hook.go:27.28,45.4 1 0
github.com/advanced-dada-system/ads/cmd/ads/hook.go:45.9,47.4 1 0
github.com/advanced-dada-system/ads/cmd/ads/hook.go:55.47,58.17 3 0
github.com/advanced-dada-system/ads/cmd/ads/hook.go:58.17,61.4 2 0
github.com/advanced-dada-system/ads/cmd/ads/hook.go:63.3,65.22 3 0
github.com/advanced-dada-system/ads/cmd/ads/hook.go:65.22,68.4 2 0
github.com/advanced-dada-system/ads/cmd/ads/hook.go:68.9,68.28 1 0
github.com/advanced-dada-system/ads/cmd/ads/hook.go:68.28,71.4 2 0
github.com/advanced-dada-system/ads/cmd/ads/hook.go:71.9,74.4 2 0
github.com/advanced-dada-system/ads/cmd/ads/hook.go:76.3,77.17 2 0
github.com/advanced-dada-system/ads/cmd/ads/hook.go:77.17,80.4 2 0
github.com/advanced-dada-system/ads/cmd/ads/hook.go:81.3,83.51 2 0
github.com/advanced-dada-system/ads/cmd/ads/hook.go:83.51,86.4 2 0
github.com/advanced-dada-system/ads/cmd/ads/hook.go:88.3,89.73 2 0
github.com/advanced-dada-system/ads/cmd/ads/hook.go:93.13,96.2 2 0
github.com/advanced-dada-system/ads/cmd/ads/launch.go:16.47,20.17 3 0
github.com/advanced-dada-system/ads/cmd/ads/launch.go:20.17,23.4 2 0
github.com/advanced-dada-system/ads/cmd/ads/launch.go:25.3,27.17 3 0
github.com/advanced-dada-system/ads/cmd/ads/launch.go:27.17,30.4 2 0
github.com/advanced-dada-system/ads/cmd/ads/launch.go:34.3,34.61 1 0
github.com/advanced-dada-system/ads/cmd/ads/launch.go:34.61,37.4 2 0
github.com/advanced-dada-system/ads/cmd/ads/launch.go:43.13,46.2 2 0
github.com/advanced-dada-system/ads/cmd/ads/llm.go:26.47,30.17 3 0
github.com/advanced-dada-system/ads/cmd/ads/llm.go:30.17,33.4 2 0
github.com/advanced-dada-system/ads/cmd/ads/llm.go:35.3,39.17 4 0
github.com/advanced-dada-system/ads/cmd/ads/llm.go:39.17,42.4 2 0
github.com/advanced-dada-system/ads/cmd/ads/llm.go:44.3,45.19 2 0
github.com/advanced-dada-system/ads/cmd/ads/llm.go:53.47,58.17 4 0
github.com/advanced-dada-system/ads/cmd/ads/llm.go:58.17,61.4 2 0
github.com/advanced-dada-system/ads/cmd/ads/llm.go:63.3,67.17 4 0
github.com/advanced-dada-system/ads/cmd/ads/llm.go:67.17,70.4 2 0
github.com/advanced-dada-system/ads/cmd/ads/llm.go:72.3,73.19 2 0
github.com/advanced-dada-system/ads/cmd/ads/llm.go:77.60,79.16 2 0
github.com/advanced-dada-system/ads/cmd/ads/llm.go:79.16,81.3 1 0
github.com/advanced-dada-system/ads/cmd/ads/llm.go:82.2,85.16 3 0
github.com/advanced-dada-system/ads/cmd/ads/llm.go:85.16,87.3 1 0
github.com/advanced-dada-system/ads/cmd/ads/llm.go:89.2,93.16 4 0
github.com/advanced-dada-system/ads/cmd/ads/llm.go:93.16,95.3 1 0
github.com/advanced-dada-system/ads/cmd/ads/llm.go:96.2,99.16 3 0
github.com/advanced-dada-system/ads/cmd/ads/llm.go:99.16,102.3 1 0
github.com/advanced-dada-system/ads/cmd/ads/llm.go:103.2,106.18 3 0
github.com/advanced-dada-system/ads/cmd/ads/llm.go:106.18,108.42 2 0
github.com/advanced-dada-system/ads/cmd/ads/llm.go:108.42,110.4 1 0
github.com/advanced-dada-system/ads/cmd/ads/llm.go:114.2,114.54 1 0
github.com/advanced-dada-system/ads/cmd/ads/llm.go:114.54,116.3 1 0
github.com/advanced-dada-system/ads/cmd/ads/llm.go:118.2,118.39 1 0
github.com/advanced-dada-system/ads/cmd/ads/llm.go:121.13,125.2 3 0
github.com/advanced-dada-system/ads/cmd/ads/main.go:25.47,27.3 1 0
github.com/advanced-dada-system/ads/cmd/ads/main.go:37.47,39.17 2 0
github.com/advanced-dada-system/ads/cmd/ads/main.go:39.17,42.4 2 0
github.com/advanced-dada-system/ads/cmd/ads/main.go:43.3,48.15 4 0
github.com/advanced-dada-system/ads/cmd/ads/main.go:48.15,53.18 5 0
github.com/advanced-dada-system/ads/cmd/ads/main.go:53.18,55.5 1 0
github.com/advanced-dada-system/ads/cmd/ads/main.go:57.4,60.18 4 0
github.com/advanced-dada-system/ads/cmd/ads/main.go:60.18,63.5 2 0
github.com/advanced-dada-system/ads/cmd/ads/main.go:65.4,69.21 5 0
github.com/advanced-dada-system/ads/cmd/ads/main.go:69.21,71.28 2 0
github.com/advanced-dada-system/ads/cmd/ads/main.go:71.28,73.6 1 0
github.com/advanced-dada-system/ads/cmd/ads/main.go:73.11,76.6 2 0
github.com/advanced-dada-system/ads/cmd/ads/main.go:79.4,79.75 1 0
github.com/advanced-dada-system/ads/cmd/ads/main.go:80.9,82.4 1 0
github.com/advanced-dada-system/ads/cmd/ads/main.go:84.3,84.17 1 0
github.com/advanced-dada-system/ads/cmd/ads/main.go:84.17,87.4 2 0
github.com/advanced-dada-system/ads/cmd/ads/main.go:89.3,92.76 4 0
github.com/advanced-dada-system/ads/cmd/ads/main.go:99.47,101.17 2 0
github.com/advanced-dada-system/ads/cmd/ads/main.go:101.17,104.4 2 0
github.com/advanced-dada-system/ads/cmd/ads/main.go:105.3,108.17 3 0
github.com/advanced-dada-system/ads/cmd/ads/main.go:108.17,111.4 2 0
github.com/advanced-dada-system/ads/cmd/ads/main.go:113.3,113.25 1 0
github.com/advanced-dada-system/ads/cmd/ads/main.go:113.25,116.4 2 0
github.com/advanced-dada-system/ads/cmd/ads/main.go:118.3,123.30 4 0
github.com/advanced-dada-system/ads/cmd/ads/main.go:123.30,124.41 1 0
github.com/advanced-dada-system/ads/cmd/ads/main.go:124.41,126.5 1 0
github.com/advanced-dada-system/ads/cmd/ads/main.go:126.10,128.5 1 0
github.com/advanced-dada-system/ads/cmd/ads/main.go:131.3,133.58 2 0
github.com/advanced-dada-system/ads/cmd/ads/main.go:133.58,134.23 1 0
github.com/advanced-dada-system/ads/cmd/ads/main.go:134.23,136.5 1 0
github.com/advanced-dada-system/ads/cmd/ads/main.go:137.4,140.28 4 0
github.com/advanced-dada-system/ads/cmd/ads/main.go:140.28,142.30 2 0
github.com/advanced-dada-system/ads/cmd/ads/main.go:142.30,144.6 1 0
github.com/advanced-dada-system/ads/cmd/ads/main.go:145.5,146.166 2 0
github.com/advanced-dada-system/ads/cmd/ads/main.go:148.4,149.17 2 0
github.com/advanced-dada-system/ads/cmd/ads/main.go:152.3,153.66 2 0
github.com/advanced-dada-system/ads/cmd/ads/main.go:161.47,163.24 2 0
github.com/advanced-dada-system/ads/cmd/ads/main.go:163.24,166.4 2 0
github.com/advanced-dada-system/ads/cmd/ads/main.go:168.3,170.17 3 0
github.com/advanced-dada-system/ads/cmd/ads/main.go:170.17,173.4 2 0
github.com/advanced-dada-system/ads/cmd/ads/main.go:174.3,176.64 2 0
github.com/advanced-dada-system/ads/cmd/ads/main.go:176.64,179.4 2 0
github.com/advanced-dada-system/ads/cmd/ads/main.go:181.3,181.64 1 0
github.com/advanced-dada-system/ads/cmd/ads/main.go:189.47,192.17 3 0
github.com/advanced-dada-system/ads/cmd/ads/main.go:192.17,193.50 1 0
github.com/advanced-dada-system/ads/cmd/ads/main.go:193.50,201.45 6 0
github.com/advanced-dada-system/ads/cmd/ads/main.go:201.45,203.22 2 0
github.com/advanced-dada-system/ads/cmd/ads/main.go:203.22,206.7 2 0
github.com/advanced-dada-system/ads/cmd/ads/main.go:208.6,211.22 3 0
github.com/advanced-dada-system/ads/cmd/ads/main.go:211.22,214.7 2 0
github.com/advanced-dada-system/ads/cmd/ads/main.go:216.6,218.67 2 0
github.com/advanced-dada-system/ads/cmd/ads/main.go:218.67,221.7 2 0
github.com/advanced-dada-system/ads/cmd/ads/main.go:222.6,222.12 1 0
github.com/advanced-dada-system/ads/cmd/ads/main.go:223.11,226.6 2 0
github.com/advanced-dada-system/ads/cmd/ads/main.go:229.4,230.14 2 0
github.com/advanced-dada-system/ads/cmd/ads/main.go:239.47,242.17 3 0
github.com/advanced-dada-system/ads/cmd/ads/main.go:242.17,245.4 2 0
github.com/advanced-dada-system/ads/cmd/ads/main.go:247.3,247.24 1 0
github.com/advanced-dada-system/ads/cmd/ads/main.go:247.24,250.4 2 0
github.com/advanced-dada-system/ads/cmd/ads/main.go:252.3,252.17 1 0
github.com/advanced-dada-system/ads/cmd/ads/main.go:252.17,254.18 2 0
github.com/advanced-dada-system/ads/cmd/ads/main.go:254.18,257.5 2 0
github.com/advanced-dada-system/ads/cmd/ads/main.go:258.4,259.10 2 0
github.com/advanced-dada-system/ads/cmd/ads/main.go:262.3,262.29 1 0
github.com/advanced-dada-system/ads/cmd/ads/main.go:262.29,264.4 1 0
github.com/advanced-dada-system/ads/cmd/ads/main.go:272.47,275.17 3 0
github.com/advanced-dada-system/ads/cmd/ads/main.go:275.17,278.4 2 0
github.com/advanced-dada-system/ads/cmd/ads/main.go:279.3,282.17 3 0
github.com/advanced-dada-system/ads/cmd/ads/main.go:282.17,285.4 2 0
github.com/advanced-dada-system/ads/cmd/ads/main.go:287.3,288.30 2 0
github.com/advanced-dada-system/ads/cmd/ads/main.go:288.30,290.29 2 0
github.com/advanced-dada-system/ads/cmd/ads/main.go:290.29,292.5 1 0
github.com/advanced-dada-system/ads/cmd/ads/main.go:295.3,295.25 1 0
github.com/advanced-dada-system/ads/cmd/ads/main.go:295.25,298.4 2 0
github.com/advanced-dada-system/ads/cmd/ads/main.go:300.3,301.30 2 0
github.com/advanced-dada-system/ads/cmd/ads/main.go:301.30,305.51 3 0
github.com/advanced-dada-system/ads/cmd/ads/main.go:305.51,307.5 1 0
github.com/advanced-dada-system/ads/cmd/ads/main.go:307.10,309.5 1 0
github.com/advanced-dada-system/ads/cmd/ads/main.go:323.47,326.17 3 0
github.com/advanced-dada-system/ads/cmd/ads/main.go:326.17,329.4 2 0
github.com/advanced-dada-system/ads/cmd/ads/main.go:330.3,333.17 3 0
github.com/advanced-dada-system/ads/cmd/ads/main.go:333.17,336.4 2 0
github.com/advanced-dada-system/ads/cmd/ads/main.go:338.3,338.31 1 0
github.com/advanced-dada-system/ads/cmd/ads/main.go:338.31,341.4 2 0
github.com/advanced-dada-system/ads/cmd/ads/main.go:343.3,357.39 6 0
github.com/advanced-dada-system/ads/cmd/ads/main.go:357.39,361.4 3 0
github.com/advanced-dada-system/ads/cmd/ads/main.go:368.47,370.17 2 0
github.com/advanced-dada-system/ads/cmd/ads/main.go:370.17,373.4 2 0
github.com/advanced-dada-system/ads/cmd/ads/main.go:375.3,375.21 1 0
github.com/advanced-dada-system/ads/cmd/ads/main.go:375.21,379.4 3 0
github.com/advanced-dada-system/ads/cmd/ads/main.go:381.3,382.21 2 0
github.com/advanced-dada-system/ads/cmd/ads/main.go:382.21,383.15 1 0
github.com/advanced-dada-system/ads/cmd/ads/main.go:384.25,385.34 1 0
github.com/advanced-dada-system/ads/cmd/ads/main.go:386.12,388.15 2 0
github.com/advanced-dada-system/ads/cmd/ads/main.go:390.4,390.10 1 0
github.com/advanced-dada-system/ads/cmd/ads/main.go:393.3,394.14 2 0
github.com/advanced-dada-system/ads/cmd/ads/main.go:395.24,396.26 1 0
github.com/advanced-dada-system/ads/cmd/ads/main.go:397.11,399.14 2 0
github.com/advanced-dada-system/ads/cmd/ads/main.go:402.3,402.48 1 0
github.com/advanced-dada-system/ads/cmd/ads/main.go:402.48,405.4 2 0
github.com/advanced-dada-system/ads/cmd/ads/main.go:406.3,406.40 1 0
github.com/advanced-dada-system/ads/cmd/ads/main.go:413.13,429.2 13 0
github.com/advanced-dada-system/ads/cmd/ads/main.go:431.13,432.42 1 0
github.com/advanced-dada-system/ads/cmd/ads/main.go:432.42,435.3 2 0
github.com/advanced-dada-system/ads/cmd/ads/plugin.go:25.47,27.26 2 0
github.com/advanced-dada-system/ads/cmd/ads/plugin.go:27.26,30.4 2 0
github.com/advanced-dada-system/ads/cmd/ads/plugin.go:32.3,33.17 2 0
github.com/advanced-dada-system/ads/cmd/ads/plugin.go:33.17,36.4 2 0
github.com/advanced-dada-system/ads/cmd/ads/plugin.go:37.3,45.23 6 0
github.com/advanced-dada-system/ads/cmd/ads/plugin.go:45.23,47.4 1 0
github.com/advanced-dada-system/ads/cmd/ads/plugin.go:49.3,52.21 4 0
github.com/advanced-dada-system/ads/cmd/ads/plugin.go:52.21,54.4 1 0
github.com/advanced-dada-system/ads/cmd/ads/plugin.go:56.3,56.21 1 0
github.com/advanced-dada-system/ads/cmd/ads/plugin.go:56.21,59.4 2 0
github.com/advanced-dada-system/ads/cmd/ads/plugin.go:61.3,66.53 6 0
github.com/advanced-dada-system/ads/cmd/ads/plugin.go:66.53,69.4 2 0
github.com/advanced-dada-system/ads/cmd/ads/plugin.go:70.3,77.68 3 0
github.com/advanced-dada-system/ads/cmd/ads/plugin.go:77.68,80.4 2 0
github.com/advanced-dada-system/ads/cmd/ads/plugin.go:82.3,84.29 3 0
github.com/advanced-dada-system/ads/cmd/ads/plugin.go:84.29,86.4 1 0
github.com/advanced-dada-system/ads/cmd/ads/plugin.go:87.3,87.28 1 0
github.com/advanced-dada-system/ads/cmd/ads/plugin.go:87.28,89.4 1 0
github.com/advanced-dada-system/ads/cmd/ads/plugin.go:91.3,92.25 2 0
github.com/advanced-dada-system/ads/cmd/ads/plugin.go:92.25,94.4 1 0
github.com/advanced-dada-system/ads/cmd/ads/plugin.go:96.3,99.23 4 0
github.com/advanced-dada-system/ads/cmd/ads/plugin.go:99.23,101.4 1 0
github.com/advanced-dada-system/ads/cmd/ads/plugin.go:101.9,103.44 2 0
github.com/advanced-dada-system/ads/cmd/ads/plugin.go:103.44,105.5 1 0
github.com/advanced-dada-system/ads/cmd/ads/plugin.go:108.3,111.58 3 0
github.com/advanced-dada-system/ads/cmd/ads/plugin.go:119.47,121.26 2 0
github.com/advanced-dada-system/ads/cmd/ads/plugin.go:121.26,124.4 2 0
github.com/advanced-dada-system/ads/cmd/ads/plugin.go:126.3,127.17 2 0
github.com/advanced-dada-system/ads/cmd/ads/plugin.go:127.17,130.4 2 0
github.com/advanced-dada-system/ads/cmd/ads/plugin.go:131.3,139.46 6 0
github.com/advanced-dada-system/ads/cmd/ads/plugin.go:139.46,141.4 1 0
github.com/advanced-dada-system/ads/cmd/ads/plugin.go:142.3,145.25 3 0
github.com/advanced-dada-system/ads/cmd/ads/plugin.go:145.25,147.4 1 0
github.com/advanced-dada-system/ads/cmd/ads/plugin.go:148.3,148.42 1 0
github.com/advanced-dada-system/ads/cmd/ads/plugin.go:152.13,156.2 3 0
github.com/advanced-dada-system/ads/cmd/ads/profile.go:22.47,25.17 3 0
github.com/advanced-dada-system/ads/cmd/ads/profile.go:25.17,28.4 2 0
github.com/advanced-dada-system/ads/cmd/ads/profile.go:29.3,32.17 3 0
github.com/advanced-dada-system/ads/cmd/ads/profile.go:32.17,35.4 2 0
github.com/advanced-dada-system/ads/cmd/ads/profile.go:36.3,37.72 2 0
github.com/advanced-dada-system/ads/cmd/ads/profile.go:44.47,46.17 2 0
github.com/advanced-dada-system/ads/cmd/ads/profile.go:46.17,49.4 2 0
github.com/advanced-dada-system/ads/cmd/ads/profile.go:50.3,53.17 3 0
github.com/advanced-dada-system/ads/cmd/ads/profile.go:53.17,56.4 2 0
github.com/advanced-dada-system/ads/cmd/ads/profile.go:58.3,58.25 1 0
github.com/advanced-dada-system/ads/cmd/ads/profile.go:58.25,61.4 2 0
github.com/advanced-dada-system/ads/cmd/ads/profile.go:63.3,65.30 3 0
github.com/advanced-dada-system/ads/cmd/ads/profile.go:65.30,69.24 4 0
github.com/advanced-dada-system/ads/cmd/ads/profile.go:69.24,71.5 1 0
github.com/advanced-dada-system/ads/cmd/ads/profile.go:72.4,72.22 1 0
github.com/advanced-dada-system/ads/cmd/ads/profile.go:72.22,74.5 1 0
github.com/advanced-dada-system/ads/cmd/ads/profile.go:75.4,75.23 1 0
github.com/advanced-dada-system/ads/cmd/ads/profile.go:75.23,77.5 1 0
github.com/advanced-dada-system/ads/cmd/ads/profile.go:78.4,78.58 1 0
github.com/advanced-dada-system/ads/cmd/ads/profile.go:80.3,80.12 1 0
github.com/advanced-dada-system/ads/cmd/ads/profile.go:88.47,91.17 3 0
github.com/advanced-dada-system/ads/cmd/ads/profile.go:91.17,94.4 2 0
github.com/advanced-dada-system/ads/cmd/ads/profile.go:95.3,98.17 3 0
github.com/advanced-dada-system/ads/cmd/ads/profile.go:98.17,101.4 2 0
github.com/advanced-dada-system/ads/cmd/ads/profile.go:104.3,105.17 2 0
github.com/advanced-dada-system/ads/cmd/ads/profile.go:105.17,108.4 2 0
github.com/advanced-dada-system/ads/cmd/ads/profile.go:109.3,111.60 2 0
github.com/advanced-dada-system/ads/cmd/ads/profile.go:111.60,114.4 2 0
github.com/advanced-dada-system/ads/cmd/ads/profile.go:115.3,118.19 3 0
github.com/advanced-dada-system/ads/cmd/ads/profile.go:118.19,120.4 1 0
github.com/advanced-dada-system/ads/cmd/ads/profile.go:122.3,127.39 5 0
github.com/advanced-dada-system/ads/cmd/ads/profile.go:127.39,130.4 2 0
github.com/advanced-dada-system/ads/cmd/ads/profile.go:132.3,133.17 2 0
github.com/advanced-dada-system/ads/cmd/ads/profile.go:133.17,136.4 2 0
github.com/advanced-dada-system/ads/cmd/ads/profile.go:138.3,139.30 2 0
github.com/advanced-dada-system/ads/cmd/ads/profile.go:139.30,140.66 1 0
github.com/advanced-dada-system/ads/cmd/ads/profile.go:140.66,143.5 2 0
github.com/advanced-dada-system/ads/cmd/ads/profile.go:144.4,144.78 1 0
github.com/advanced-dada-system/ads/cmd/ads/profile.go:145.9,147.4 1 0
github.com/advanced-dada-system/ads/cmd/ads/profile.go:151.13,156.2 4 0
github.com/advanced-dada-system/ads/cmd/ads/search_interactive.go:21.47,23.36 2 0
github.com/advanced-dada-system/ads/cmd/ads/search_interactive.go:23.36,26.4 2 0
github.com/advanced-dada-system/ads/cmd/ads/search_interactive.go:30.13,32.2 1 0
github.com/advanced-dada-system/ads/cmd/ads/search_interactive.go:46.27,59.2 6 0
github.com/advanced-dada-system/ads/cmd/ads/search_interactive.go:61.31,63.2 1 0
github.com/advanced-dada-system/ads/cmd/ads/search_interactive.go:65.37,66.24 1 0
github.com/advanced-dada-system/ads/cmd/ads/search_interactive.go:66.24,67.18 1 0
github.com/advanced-dada-system/ads/cmd/ads/search_interactive.go:67.18,69.4 1 0
github.com/advanced-dada-system/ads/cmd/ads/search_interactive.go:70.3,71.17 2 0
github.com/advanced-dada-system/ads/cmd/ads/search_interactive.go:71.17,73.4 1 0
github.com/advanced-dada-system/ads/cmd/ads/search_interactive.go:74.3,74.30 1 0
github.com/advanced-dada-system/ads/cmd/ads/search_interactive.go:78.57,81.27 2 0
github.com/advanced-dada-system/ads/cmd/ads/search_interactive.go:82.18,83.23 1 0
github.com/advanced-dada-system/ads/cmd/ads/search_interactive.go:84.24,85.22 1 0
github.com/advanced-dada-system/ads/cmd/ads/search_interactive.go:86.16,87.55 1 0
github.com/advanced-dada-system/ads/cmd/ads/search_interactive.go:87.55,94.29 6 0
github.com/advanced-dada-system/ads/cmd/ads/search_interactive.go:94.29,96.6 1 0
github.com/advanced-dada-system/ads/cmd/ads/search_interactive.go:97.5,98.21 2 0
github.com/advanced-dada-system/ads/cmd/ads/search_interactive.go:100.4,100.22 1 0
github.com/advanced-dada-system/ads/cmd/ads/search_interactive.go:101.33,102.20 1 0
github.com/advanced-dada-system/ads/cmd/ads/search_interactive.go:102.20,104.5 1 0
github.com/advanced-dada-system/ads/cmd/ads/search_interactive.go:105.4,105.17 1 0
github.com/advanced-dada-system/ads/cmd/ads/search_interactive.go:106.35,107.35 1 0
github.com/advanced-dada-system/ads/cmd/ads/search_interactive.go:107.35,109.5 1 0
github.com/advanced-dada-system/ads/cmd/ads/search_interactive.go:110.4,110.17 1 0
github.com/advanced-dada-system/ads/cmd/ads/search_interactive.go:113.25,115.24 2 0
github.com/advanced-dada-system/ads/cmd/ads/search_interactive.go:117.23,120.16 3 0
github.com/advanced-dada-system/ads/cmd/ads/search_interactive.go:122.14,124.16 2 0
github.com/advanced-dada-system/ads/cmd/ads/search_interactive.go:127.2,130.35 3 0
github.com/advanced-dada-system/ads/cmd/ads/search_interactive.go:130.35,132.3 1 0
github.com/advanced-dada-system/ads/cmd/ads/search_interactive.go:134.2,134.15 1 0
github.com/advanced-dada-system/ads/cmd/ads/search_interactive.go:144.36,147.29 3 0
github.com/advanced-dada-system/ads/cmd/ads/search_interactive.go:147.29,148.41 1 0
github.com/advanced-dada-system/ads/cmd/ads/search_interactive.go:148.41,150.9 2 0
github.com/advanced-dada-system/ads/cmd/ads/search_interactive.go:153.2,153.21 1 0
github.com/advanced-dada-system/ads/cmd/ads/search_interactive.go:153.21,155.3 1 0
github.com/advanced-dada-system/ads/cmd/ads/search_interactive.go:157.2,161.29 5 0
github.com/advanced-dada-system/ads/cmd/ads/search_interactive.go:164.30,172.18 6 0
github.com/advanced-dada-system/ads/cmd/ads/search_interactive.go:172.18,174.3 1 0
github.com/advanced-dada-system/ads/cmd/ads/search_interactive.go:174.8,174.61 1 0
github.com/advanced-dada-system/ads/cmd/ads/search_interactive.go:174.61,176.3 1 0
github.com/advanced-dada-system/ads/cmd/ads/search_interactive.go:176.8,178.21 2 0
github.com/advanced-dada-system/ads/cmd/ads/search_interactive.go:178.21,180.4 1 0
github.com/advanced-dada-system/ads/cmd/ads/search_interactive.go:181.3,181.31 1 0
github.com/advanced-dada-system/ads/cmd/ads/search_interactive.go:181.31,182.23 1 0
github.com/advanced-dada-system/ads/cmd/ads/search_interactive.go:182.23,184.10 2 0
github.com/advanced-dada-system/ads/cmd/ads/search_interactive.go:187.4,188.21 2 0
github.com/advanced-dada-system/ads/cmd/ads/search_interactive.go:188.21,190.5 1 0
github.com/advanced-dada-system/ads/cmd/ads/search_interactive.go:192.4,196.26 4 0
github.com/advanced-dada-system/ads/cmd/ads/search_interactive.go:196.26,198.5 1 0
github.com/advanced-dada-system/ads/cmd/ads/search_interactive.go:200.4,209.19 5 0
github.com/advanced-dada-system/ads/cmd/ads/search_interactive.go:209.19,211.5 1 0
github.com/advanced-dada-system/ads/cmd/ads/search_interactive.go:213.4,215.21 2 0
github.com/advanced-dada-system/ads/cmd/ads/search_interactive.go:215.21,218.5 2 0
github.com/advanced-dada-system/ads/cmd/ads/search_interactive.go:220.4,220.30 1 0
github.com/advanced-dada-system/ads/cmd/ads/search_interactive.go:224.2,225.19 2 0
github.com/advanced-dada-system/ads/cmd/ads/update.go:17.47,20.17 3 0
github.com/advanced-dada-system/ads/cmd/ads/update.go:20.17,23.4 2 0
github.com/advanced-dada-system/ads/cmd/ads/update.go:24.3,27.17 3 0
github.com/advanced-dada-system/ads/cmd/ads/update.go:27.17,30.4 2 0
github.com/advanced-dada-system/ads/cmd/ads/update.go:32.3,32.30 1 0
github.com/advanced-dada-system/ads/cmd/ads/update.go:32.30,35.18 2 0
github.com/advanced-dada-system/ads/cmd/ads/update.go:35.18,38.5 2 0
github.com/advanced-dada-system/ads/cmd/ads/update.go:40.4,41.18 2 0
github.com/advanced-dada-system/ads/cmd/ads/update.go:41.18,44.5 2 0
github.com/advanced-dada-system/ads/cmd/ads/update.go:45.4,46.129 2 0
github.com/advanced-dada-system/ads/cmd/ads/update.go:47.9,49.4 1 0
github.com/advanced-dada-system/ads/cmd/ads/update.go:53.13,56.2 2 0
github.com/advanced-dada-system/ads/cmd/ads/version.go:15.47,17.3 1 0
github.com/advanced-dada-system/ads/cmd/ads/version.go:20.13,22.2 1 0
github.com/advanced-dada-system/ads/cmd/ads-plugin-llm/main.go:31.69,33.9 2 0
github.com/advanced-dada-system/ads/cmd/ads-plugin-llm/main.go:33.9,35.3 1 0
github.com/advanced-dada-system/ads/cmd/ads-plugin-llm/main.go:37.2,42.16 4 0
github.com/advanced-dada-system/ads/cmd/ads-plugin-llm/main.go:42.16,44.57 2 0
github.com/advanced-dada-system/ads/cmd/ads-plugin-llm/main.go:44.57,46.148 2 0
github.com/advanced-dada-system/ads/cmd/ads-plugin-llm/main.go:46.148,47.21 1 0
github.com/advanced-dada-system/ads/cmd/ads-plugin-llm/main.go:47.21,49.6 1 0
github.com/advanced-dada-system/ads/cmd/ads-plugin-llm/main.go:51.4,52.150 2 0
github.com/advanced-dada-system/ads/cmd/ads-plugin-llm/main.go:52.150,54.5 1 0
github.com/advanced-dada-system/ads/cmd/ads-plugin-llm/main.go:55.4,55.14 1 0
github.com/advanced-dada-system/ads/cmd/ads-plugin-llm/main.go:59.2,59.18 1 0
github.com/advanced-dada-system/ads/cmd/ads-plugin-llm/main.go:59.18,62.17 2 0
github.com/advanced-dada-system/ads/cmd/ads-plugin-llm/main.go:62.17,64.50 2 0
github.com/advanced-dada-system/ads/cmd/ads-plugin-llm/main.go:64.50,66.5 1 0
github.com/advanced-dada-system/ads/cmd/ads-plugin-llm/main.go:70.2,70.18 1 0
github.com/advanced-dada-system/ads/cmd/ads-plugin-llm/main.go:70.18,72.3 1 0
github.com/advanced-dada-system/ads/cmd/ads-plugin-llm/main.go:74.2,82.16 3 0
github.com/advanced-dada-system/ads/cmd/ads-plugin-llm/main.go:82.16,84.3 1 0
github.com/advanced-dada-system/ads/cmd/ads-plugin-llm/main.go:86.2,87.16 2 0
github.com/advanced-dada-system/ads/cmd/ads-plugin-llm/main.go:87.16,89.3 1 0
github.com/advanced-dada-system/ads/cmd/ads-plugin-llm/main.go:91.2,98.16 7 0
github.com/advanced-dada-system/ads/cmd/ads-plugin-llm/main.go:98.16,100.3 1 0
github.com/advanced-dada-system/ads/cmd/ads-plugin-llm/main.go:101.2,103.38 2 0
github.com/advanced-dada-system/ads/cmd/ads-plugin-llm/main.go:103.38,106.3 2 0
github.com/advanced-dada-system/ads/cmd/ads-plugin-llm/main.go:108.2,109.67 2 0
github.com/advanced-dada-system/ads/cmd/ads-plugin-llm/main.go:109.67,111.3 1 0
github.com/advanced-dada-system/ads/cmd/ads-plugin-llm/main.go:113.2,114.30 2 0
github.com/advanced-dada-system/ads/cmd/ads-plugin-llm/main.go:114.30,116.3 1 0
github.com/advanced-dada-system/ads/cmd/ads-plugin-llm/main.go:118.2,122.21 4 0
github.com/advanced-dada-system/ads/cmd/ads-plugin-llm/main.go:125.13,132.2 1 0
github.com/advanced-dada-system/ads/internal/plugin/client.go:14.76,18.16 3 0
github.com/advanced-dada-system/ads/internal/plugin/client.go:18.16,20.56 2 0
github.com/advanced-dada-system/ads/internal/plugin/client.go:20.56,22.4 1 0
github.com/advanced-dada-system/ads/internal/plugin/client.go:25.2,25.22 1 0
github.com/advanced-dada-system/ads/internal/plugin/client.go:25.22,27.3 1 0
github.com/advanced-dada-system/ads/internal/plugin/client.go:28.2,28.22 1 0
github.com/advanced-dada-system/ads/internal/plugin/client.go:28.22,31.3 1 0
github.com/advanced-dada-system/ads/internal/plugin/client.go:33.2,43.16 4 0
github.com/advanced-dada-system/ads/internal/plugin/client.go:43.16,45.3 1 0
github.com/advanced-dada-system/ads/internal/plugin/client.go:47.2,48.16 2 0
github.com/advanced-dada-system/ads/internal/plugin/client.go:48.16,50.3 1 0
github.com/advanced-dada-system/ads/internal/plugin/client.go:52.2,53.30 2 0
github.com/advanced-dada-system/ads/internal/plugin/client.go:56.62,58.16 2 0
github.com/advanced-dada-system/ads/internal/plugin/client.go:58.16,60.3 1 0
github.com/advanced-dada-system/ads/internal/plugin/client.go:62.2,63.18 2 0
github.com/advanced-dada-system/ads/internal/plugin/client.go:63.18,64.66 1 0
github.com/advanced-dada-system/ads/internal/plugin/client.go:64.66,66.4 1 0
github.com/advanced-dada-system/ads/internal/plugin/client.go:68.2,68.21 1 0
github.com/advanced-dada-system/ads/internal/plugin/shared.go:17.74,21.2 3 0
github.com/advanced-dada-system/ads/internal/plugin/shared.go:26.76,30.2 3 0
github.com/advanced-dada-system/ads/internal/plugin/shared.go:37.72,39.2 1 0
github.com/advanced-dada-system/ads/internal/plugin/shared.go:41.86,43.2 1 0
